Dealing with line 10000 
Dealing with line 20000 
Dealing with line 30000 
Dealing with line 40000 
Dealing with line 50000 
Dealing with line 60000 
Dealing with line 70000 
Dealing with line 80000 
Dealing with line 90000 
Dealing with line 100000 
Dealing with line 110000 
Dealing with line 120000 
Dealing with line 130000 
Dealing with line 140000 
Dealing with line 150000 
Dealing with line 160000 
Dealing with line 170000 
Dealing with line 180000 
Dealing with line 190000 
Dealing with line 200000 
Dealing with line 210000 
Dealing with line 220000 
Dealing with line 230000 
Dealing with line 240000 
Dealing with line 250000 
Dealing with line 260000 
Dealing with line 270000 
Dealing with line 280000 
Dealing with line 290000 
Dealing with line 300000 
Dealing with line 310000 
Dealing with line 320000 
Dealing with line 330000 
Dealing with line 340000 
Dealing with line 350000 
Dealing with line 360000 
Dealing with line 370000 
Dealing with line 380000 
Dealing with line 390000 
Dealing with line 400000 
Dealing with line 410000 
Dealing with line 420000 
Dealing with line 430000 
Dealing with line 440000 
Dealing with line 450000 
Dealing with line 460000 
Dealing with line 470000 
Dealing with line 480000 
Dealing with line 490000 
Dealing with line 500000 
Dealing with line 510000 
Dealing with line 520000 
Dealing with line 530000 
Dealing with line 540000 
Function                            Count Time       Average  Local      Sub-time Max-sub                             Ms count Sub list            
----------------------------------- ----- ---------- -------- ---------- -------- ----------------------------------- -------- --------------------
SyS_migrate_pages                       1  163550800 163550800       5102 163545698            do_migrate_pages.part.31        1 ['kmem_cache_alloc_trace', 'capable', 'mmput', 'cpuset_mems_allowed', 'get_task_mm', 'kfree', 'do_migrate_pages.part.31', 'security_task_movememory', 'migrate_prep', 'get_nodes', 'ptrace_may_access']
do_migrate_pages.part.31                1  163448700 163448700      49480 163399220                     migrate_to_node      112 ['down_read', 'up_read', 'migrate_to_node']
migrate_to_node                       112  163398423  1458914      36478 163361945                   queue_pages_range      112 ['queue_pages_range']
queue_pages_range                     112  163361945  1458588      33973 163327972                     walk_page_range      112 ['walk_page_range']
walk_page_range                       112  163327972  1458285    1641942 161686030                   __walk_page_range     2912 ['find_vma', 'walk_page_test', '__walk_page_range']
__walk_page_range                    2912  160567047    55139    1342838 159224209               queue_pages_pte_range     4256 ['queue_pages_pte_range']
queue_pages_pte_range                4256  159224209    37411  141016685 18207524                     _vm_normal_page   508368 ['_cond_resched', '_raw_spin_lock', '_vm_normal_page']
_vm_normal_page                     508368   16644266       32   16644266        0                                            0 []
_cond_resched                        4259    1399287      328    1262261   137026                          rcu_all_qs     4259 ['rcu_all_qs']
walk_page_test                       3024    1081057      357     939089   141968               queue_pages_test_walk     3024 ['queue_pages_test_walk']
_raw_spin_lock                       4258     165266       38     165266        0                                            0 []
queue_pages_test_walk                3024     141968       46     141968        0                                            0 []
rcu_all_qs                           4259     137026       32     137026        0                                            0 []
migrate_prep                            1      82084    82084      82084        0                                            0 []
find_vma                              112      37926      338      33302     4624                       vmacache_find      112 ['vmacache_update', 'vmacache_find']
capable                                 2       4623     2311        959     3664                   ns_capable_common        2 ['ns_capable_common']
vmacache_find                         112       4576       40       4576        0                                            0 []
ns_capable_common                       2       3664     1832       1169     2495                    security_capable        2 ['security_capable']
get_nodes                               2       3398     1699        966     2432                 __check_object_size        2 ['__check_object_size']
cpuset_mems_allowed                     2       2877     1438       2328      549               guarantee_online_mems        2 ['guarantee_online_mems', '_raw_spin_lock_irqsave', '_raw_spin_unlock_irqrestore']
security_capable                        2       2495     1247       1718      777                         cap_capable        2 ['cap_capable', 'apparmor_capable']
__check_object_size                     2       2432     1216       2125      307                   __virt_addr_valid        2 ['__virt_addr_valid', '__check_heap_object', 'check_stack_object']
kmem_cache_alloc_trace                  1       1699     1699       1177      522                       _cond_resched        1 ['memcg_kmem_put_cache', 'prefetch_freepointer', '_cond_resched']
ptrace_may_access                       1        796      796        688      108                      _raw_spin_lock        1 ['_raw_spin_lock', '__ptrace_may_access']
down_read                               1        763      763        380      383                       _cond_resched        1 ['_cond_resched']
mmput                                   1        683      683        293      390                       _cond_resched        1 ['_cond_resched']
get_task_mm                             1        570      570        529       41                      _raw_spin_lock        1 ['_raw_spin_lock']
cap_capable                             2        507      253        507        0                                            0 []
guarantee_online_mems                   2        270      135        270        0                                            0 []
apparmor_capable                        2        270      135        270        0                                            0 []
kfree                                   1        197      197        197        0                                            0 []
_raw_spin_lock_irqsave                  2        181       90        181        0                                            0 []
__virt_addr_valid                       2        127       63        127        0                                            0 []
__check_heap_object                     2        102       51        102        0                                            0 []
_raw_spin_unlock_irqrestore             2         98       49         98        0                                            0 []
check_stack_object                      2         78       39         78        0                                            0 []
security_task_movememory                1         71       71         71        0                                            0 []
prefetch_freepointer                    1         58       58         58        0                                            0 []
memcg_kmem_put_cache                    1         50       50         50        0                                            0 []
vmacache_update                         1         48       48         48        0                                            0 []
__ptrace_may_access                     1         41       41         41        0                                            0 []
up_read                                 1         34       34         34        0                                            0 []
[user-space]                            0          0        0          0        0                                            0 []
Trace stats:
   534963 total functions
   missing callers: 1
   missing exits: 0
   closed unknown functions: 0 times
