at line_no 354, adding 'SyS_move_pages' to root_list
at line_no 355, adding '_raw_spin_lock_irq' to root_list
at line_no 458, adding 'process_one_work' to root_list
at line_no 459, adding 'worker_enter_idle' to root_list
Function                            Count Time       Average  Local      Sub-time Max-sub                             Ms count Sub list            
----------------------------------- ----- ---------- -------- ---------- -------- ----------------------------------- -------- --------------------
SyS_move_pages                          2   16425181  8212590   14599680  1825501                       migrate_pages        1 ['lru_add_drain_all', 'migrate_pages', '__get_free_pages', 'free_pages', 'mmput', 'cpuset_mems_allowed', 'get_task_mm', 'up_read', 'find_vma', 'follow_page_mask', 'security_task_movememory', 'PageHuge', 'mod_node_page_state', 'isolate_lru_page', 'down_read', 'ptrace_may_access']
migrate_pages                           1    1438695  1438695     151031  1287664                        try_to_unmap       31 ['new_page_node', 'unlock_page', 'page_mapped', 'move_to_new_page', 'page_get_anon_vma', 'mod_node_page_state', 'putback_lru_page', 'PageHuge', 'try_to_unmap', 'remove_migration_ptes', '_cond_resched', '__put_page']
rmap_walk                              62     683274    11020      23113   660161                      rmap_walk_anon       62 ['rmap_walk_anon']
rmap_walk_anon                         62     660161    10647     200077   460084                    try_to_unmap_one       31 ['invalid_migration_vma', 'remove_migration_pte', 'page_anon_vma', 'anon_vma_interval_tree_iter_first', 'page_lock_anon_vma_read', 'page_mapcount_is_zero', 'up_read', 'PageHeadHuge', 'try_to_unmap_one', 'anon_vma_interval_tree_iter_next', 'down_read', '_cond_resched']
try_to_unmap                           31     401251    12943      11551   389700                           rmap_walk       31 ['rmap_walk']
remove_migration_ptes                  31     305171     9844      11597   293574                           rmap_walk       31 ['rmap_walk']
try_to_unmap_one                       31     197145     6359      67013   130132                page_vma_mapped_walk       62 ['page_vma_mapped_walk', 'PageHuge', 'set_page_dirty', 'ptep_clear_flush', 'page_remove_rmap']
move_to_new_page                       31     183907     5932      23531   160376                        migrate_page       31 ['page_mapping', 'migrate_page']
lru_add_drain_all                       1     183331   183331      13493   169838                       queue_work_on        7 ['queue_work_on', 'flush_work', 'mutex_lock', 'mutex_unlock']
migrate_page                           31     159144     5133      22470   136674                   migrate_page_copy       31 ['migrate_page_copy', 'migrate_page_move_mapping']
__put_page                             31     149295     4815      22598   126697                __page_cache_release       31 ['__page_cache_release', 'free_unref_page']
_cond_resched                         167     139185      833     116402    22783                 pick_next_task_fair        1 ['rcu_all_qs', 'rcu_note_context_switch', 'enter_lazy_tlb', 'finish_task_switch', 'update_rq_clock', '_raw_spin_lock', 'pick_next_task_fair']
migrate_page_copy                      31     135268     4363      46846    88422                 migrate_page_states       31 ['migrate_page_states', 'PageHuge']
remove_migration_pte                   31     125391     4044      45873    79518                page_vma_mapped_walk       62 ['page_vma_mapped_walk', 'PageHuge', 'page_add_anon_rmap']
pagevec_lru_move_fn                     3     114419    38139      31172    83247                __pagevec_lru_add_fn       39 ['__pagevec_lru_add_fn', '_raw_spin_lock_irqsave', 'release_pages', 'mem_cgroup_page_lruvec', '_raw_spin_unlock_irqrestore']
follow_page_mask                       32     113480     3546      35171    78309                     follow_pmd_mask       32 ['follow_pmd_mask', 'follow_huge_addr', 'pud_huge']
putback_lru_page                       31     112065     3615      11991   100074                       lru_cache_add       31 ['lru_cache_add']
lru_cache_add                          31     100074     3228      12210    87864                     __lru_cache_add       31 ['__lru_cache_add']
new_page_node                          31      89939     2901      23958    65981              __alloc_pages_nodemask       31 ['PageHuge', '__alloc_pages_nodemask']
__lru_cache_add                        31      87864     2834       2086    85778                 pagevec_lru_move_fn        2 ['pagevec_lru_move_fn']
migrate_page_states                    31      87185     2812      45301    41884                  mem_cgroup_migrate       31 ['page_cpupid_xchg_last', 'ksm_migrate_page', 'mem_cgroup_migrate']
__page_cache_release                   31      86699     2796      12052    74647                 mem_cgroup_uncharge       31 ['mem_cgroup_uncharge']
queue_work_on                           7      85290    12184       2956    82334                        __queue_work        7 ['__queue_work']
flush_work                              7      83583    11940       8622    74961                       _cond_resched        7 ['get_work_pool', '_cond_resched', '_raw_spin_lock']
__queue_work                            7      82334    11762       8046    74288                         insert_work        7 ['get_work_pool', 'insert_work', '_raw_spin_lock']
page_vma_mapped_walk                  124      81205      654      72642     8563                            PageHuge       62 ['PageHuge', 'check_pte', '_raw_spin_lock']
__pagevec_lru_add_fn                   39      78251     2006      57066    21185                      page_evictable       39 ['page_evictable', '__mod_zone_page_state', 'mem_cgroup_update_lru_size', '__mod_node_page_state']
follow_pmd_mask                        32      75745     2367      47667    28078                     follow_page_pte       32 ['follow_page_pte', 'pmd_huge']
mem_cgroup_uncharge                    31      74647     2407      23278    51369                      uncharge_batch       31 ['uncharge_page', 'uncharge_batch']
insert_work                             7      72870    10410       5993    66877                     wake_up_process        7 ['get_pwq.isra.19', 'wake_up_process']
__alloc_pages_nodemask                 32      67111     2097      23554    43557                       _cond_resched       32 ['_cond_resched', 'get_page_from_freelist']
wake_up_process                         7      66589     9512       2949    63640                      try_to_wake_up        7 ['try_to_wake_up']
try_to_wake_up                          7      63640     9091      14799    48841                    ttwu_do_activate        4 ['update_rq_clock', '_raw_spin_lock_irqsave', 'ttwu_stat', '_raw_spin_lock', '_raw_spin_unlock_irqrestore', 'ttwu_do_activate']
isolate_lru_page                       31      61732     1991      55547     6185               __mod_node_page_state       31 ['_raw_spin_lock_irq', 'mem_cgroup_page_lruvec', '__mod_zone_page_state', 'mem_cgroup_update_lru_size', '__mod_node_page_state']
uncharge_batch                         31      50011     1613      23504    26507               page_counter_uncharge       31 ['memcg_check_events', 'page_counter_uncharge']
ptep_clear_flush                       31      48503     1564      11965    36538                  flush_tlb_mm_range       31 ['flush_tlb_mm_range']
ttwu_do_activate                        4      46241    11560       4795    41446                       activate_task        4 ['activate_task', 'ttwu_do_wakeup', 'wq_worker_waking_up']
free_unref_page                        32      41214     1287      35012     6202     free_unref_page_prepare.part.64       32 ['free_unref_page_commit', 'free_unref_page_prepare.part.64', 'free_pcp_prepare']
page_add_anon_rmap                     31      38283     1234      12716    25567               do_page_add_anon_rmap       31 ['do_page_add_anon_rmap']
mem_cgroup_migrate                     31      38090     1228      33811     4279                  memcg_check_events       31 ['page_counter_charge', 'memcg_check_events', 'mem_cgroup_charge_statistics']
page_lock_anon_vma_read                31      37164     1198      33349     3815                         page_mapped       62 ['down_read_trylock', 'page_mapped']
flush_tlb_mm_range                     31      36538     1178      12595    23943  flush_tlb_func_common.constprop.11       31 ['flush_tlb_func_common.constprop.11']
process_one_work                        1      32575    32575       2140    30435                       _cond_resched        1 ['_raw_spin_lock_irq', '_cond_resched', 'lru_add_drain_per_cpu', 'set_work_pool_and_clear_pending', 'pwq_dec_nr_in_flight']
activate_task                           4      31291     7822       1991    29300                   enqueue_task_fair        4 ['enqueue_task_fair']
get_page_from_freelist                 32      30077      939      27459     2618                    __inc_numa_state       64 ['__inc_numa_state']
lru_add_drain_per_cpu                   1      29493    29493        402    29091                   lru_add_drain_cpu        1 ['lru_add_drain_cpu']
enqueue_task_fair                       4      29300     7325       3489    25811                      enqueue_entity        4 ['hrtick_update', 'enqueue_entity']
lru_add_drain_cpu                       1      29091    29091        450    28641                 pagevec_lru_move_fn        1 ['pagevec_lru_move_fn']
follow_page_pte                        32      26799      837      24277     2522                      _raw_spin_lock       32 ['_raw_spin_lock', '_vm_normal_page']
anon_vma_interval_tree_iter_first      62      26089      420      23564     2525 __anon_vma_interval_tree_subtree_search       62 ['__anon_vma_interval_tree_subtree_search']
page_remove_rmap                       31      25798      832      12561    13237               __dec_node_page_state       31 ['__dec_node_page_state']
page_get_anon_vma                      31      25694      828      23110     2584                         page_mapped       62 ['page_mapped']
enqueue_entity                          4      25648     6412      16009     9639        __update_load_avg_se.isra.38        4 ['__update_load_avg_se.isra.38', 'update_curr', 'decay_load', 'intel_pstate_update_util', '__enqueue_entity', 'account_entity_enqueue', '__accumulate_pelt_segments', 'update_cfs_group']
do_page_add_anon_rmap                  31      25567      824      22914     2653               __mod_node_page_state       31 ['__page_set_anon_rmap', '__mod_node_page_state']
down_read                              32      25349      792      12089    13260                       _cond_resched       32 ['_cond_resched']
page_counter_uncharge                  31      25259      814      22789     2470                 page_counter_cancel       62 ['page_counter_cancel']
flush_tlb_func_common.constprop.11     31      23943      772      12584    11359           native_flush_tlb_one_user       31 ['native_flush_tlb_one_user']
pick_next_task_fair                     2      18769     9384       4692    14077                     put_prev_entity        3 ['check_cfs_rq_runtime', 'update_curr', 'set_next_entity', 'put_prev_entity', 'pick_next_entity']
page_evictable                         39      16342      419      14817     1525                        page_mapping       39 ['page_mapping']
find_vma                               32      14099      440      12479     1620                       vmacache_find       32 ['vmacache_find']
set_page_dirty                         31      13351      430      12112     1239                        page_mapping       31 ['page_mapping']
__dec_node_page_state                  31      13237      427      11927     1310                    __dec_node_state       31 ['__dec_node_state']
page_mapcount_is_zero                  31      13005      419      11768     1237                      total_mapcount       31 ['total_mapcount']
native_flush_tlb_one_user              31      11359      366      11359        0                                            0 []
__update_load_avg_se.isra.38           10      10693     1069       9617     1076                          decay_load       18 ['__accumulate_pelt_segments', 'decay_load']
put_prev_entity                         3      10435     3478       5059     5376        __update_load_avg_se.isra.38        2 ['__update_load_avg_se.isra.38', 'update_curr', 'decay_load', '__enqueue_entity', 'check_cfs_rq_runtime', '__accumulate_pelt_segments']
PageHuge                              248       9852       39       9852        0                                            0 []
page_mapped                           186       7599       40       7599        0                                            0 []
ttwu_do_wakeup                          4       7266     1816       2313     4953                  check_preempt_curr        4 ['check_preempt_curr']
_raw_spin_lock                        116       6588       56       6588        0                                            0 []
rcu_all_qs                            166       6479       39       6479        0                                            0 []
deactivate_task                         1       5674     5674        432     5242                   dequeue_task_fair        1 ['dequeue_task_fair']
dequeue_task_fair                       1       5242     5242       1069     4173                      dequeue_entity        1 ['hrtick_update', 'dequeue_entity']
check_preempt_curr                      4       4953     1238       2430     2523                check_preempt_wakeup        1 ['check_preempt_wakeup', 'resched_curr']
PageHeadHuge                          124       4797       38       4797        0                                            0 []
__get_free_pages                        1       4272     4272        367     3905                 alloc_pages_current        1 ['alloc_pages_current']
__mod_node_page_state                 101       4247       42       4247        0                                            0 []
dequeue_entity                          1       4133     4133       2297     1836        __update_load_avg_se.isra.38        1 ['__update_load_avg_se.isra.38', 'update_curr', 'update_cfs_group', 'account_entity_dequeue', 'clear_buddies']
update_curr                             9       4014      446       3571      443                      cpuacct_charge        2 ['update_min_vruntime', 'cpuacct_charge', '__calc_delta']
page_mapping                          101       3996       39       3996        0                                            0 []
alloc_pages_current                     1       3905     3905       1399     2506              __alloc_pages_nodemask        1 ['get_task_policy.part.29', 'policy_node', 'policy_nodemask', '__alloc_pages_nodemask']
check_pte                              62       3619       58       3619        0                                            0 []
free_unref_page_prepare.part.64        32       3436      107       3436        0                                            0 []
mem_cgroup_update_lru_size             70       2978       42       2978        0                                            0 []
wq_worker_waking_up                     4       2889      722       2337      552                        kthread_data        4 ['kthread_data']
mem_cgroup_page_lruvec                 70       2877       41       2877        0                                            0 []
release_pages                           3       2834      944       2520      314                free_unref_page_list        3 ['free_unref_page_list', 'mem_cgroup_uncharge_list']
free_pages                              1       2784     2784        375     2409                  free_pages.part.89        1 ['free_pages.part.89']
__mod_zone_page_state                  70       2708       38       2708        0                                            0 []
mod_node_page_state                    62       2656       42       2656        0                                            0 []
__inc_numa_state                       64       2618       40       2618        0                                            0 []
page_cpupid_xchg_last                  62       2561       41       2561        0                                            0 []
up_read                                63       2534       40       2534        0                                            0 []
__anon_vma_interval_tree_subtree_search    62       2525       40       2525        0                                            0 []
memcg_check_events                     62       2480       40       2480        0                                            0 []
page_counter_cancel                    62       2470       39       2470        0                                            0 []
unlock_page                            62       2450       39       2450        0                                            0 []
free_pages.part.89                      1       2409     2409        378     2031                        __free_pages        1 ['__free_pages']
check_preempt_wakeup                    1       2048     2048       1844      204                         update_curr        1 ['update_curr', 'set_next_buddy', 'resched_curr', 'wakeup_preempt_entity.isra.66']
__free_pages                            1       2031     2031        815     1216                     free_unref_page        1 ['free_unref_page']
pick_next_entity                        3       1819      606       1628      191                       clear_buddies        3 ['clear_buddies', 'wakeup_preempt_entity.isra.66']
page_counter_charge                    31       1777       57       1777        0                                            0 []
get_work_pool                          14       1758      125       1758        0                                            0 []
switch_mm_irqs_off                      2       1734      867       1344      390                     load_new_mm_cr3        2 ['load_new_mm_cr3']
enter_lazy_tlb                          1       1709     1709        374     1335                           switch_mm        1 ['switch_mm']
set_next_entity                         3       1677      559       1478      199        __update_load_avg_se.isra.38        3 ['__update_load_avg_se.isra.38']
_raw_spin_lock_irqsave                 11       1656      150       1656        0                                            0 []
vmacache_find                          32       1620       50       1620        0                                            0 []
decay_load                             33       1499       45       1499        0                                            0 []
cpuset_mems_allowed                     1       1427     1427       1082      345              _raw_spin_lock_irqsave        1 ['guarantee_online_mems', '_raw_spin_lock_irqsave', '_raw_spin_unlock_irqrestore']
migrate_page_move_mapping              31       1406       45       1406        0                                            0 []
free_unref_page_commit                 32       1401       43       1401        0                                            0 []
free_pcp_prepare                       32       1365       42       1365        0                                            0 []
uncharge_page                          31       1358       43       1358        0                                            0 []
_raw_spin_lock_irq                     33       1338       40       1338        0                                            0 []
switch_mm                               1       1335     1335        392      943                  switch_mm_irqs_off        1 ['switch_mm_irqs_off']
__dec_node_state                       31       1310       42       1310        0                                            0 []
pud_huge                               32       1300       40       1300        0                                            0 []
anon_vma_interval_tree_iter_next       31       1284       41       1284        0                                            0 []
pmd_huge                               32       1279       39       1279        0                                            0 []
down_read_trylock                      31       1276       41       1276        0                                            0 []
mem_cgroup_charge_statistics           31       1270       40       1270        0                                            0 []
follow_huge_addr                       32       1264       39       1264        0                                            0 []
__page_set_anon_rmap                   31       1261       40       1261        0                                            0 []
page_anon_vma                          31       1239       39       1239        0                                            0 []
total_mapcount                         31       1237       39       1237        0                                            0 []
_vm_normal_page                        31       1234       39       1234        0                                            0 []
ksm_migrate_page                       31       1233       39       1233        0                                            0 []
invalid_migration_vma                  31       1196       38       1196        0                                            0 []
mmput                                   1       1014     1014        607      407                       _cond_resched        1 ['_cond_resched']
mutex_lock                              1        897      897        482      415                       _cond_resched        1 ['_cond_resched']
ptrace_may_access                       1        835      835        723      112                      _raw_spin_lock        1 ['_raw_spin_lock', '__ptrace_may_access']
kthread_data                            5        595      119        595        0                                            0 []
update_rq_clock                         6        551       91        551        0                                            0 []
_raw_spin_unlock_irqrestore            11        538       48        538        0                                            0 []
resched_curr                            4        526      131        526        0                                            0 []
__accumulate_pelt_segments             11        494       44        494        0                                            0 []
pwq_dec_nr_in_flight                    1        449      449        408       41                             put_pwq        1 ['put_pwq']
wq_worker_sleeping                      1        419      419        376       43                        kthread_data        1 ['kthread_data']
get_task_mm                             1        409      409        370       39                      _raw_spin_lock        1 ['_raw_spin_lock']
load_new_mm_cr3                         2        390      195        390        0                                            0 []
account_entity_enqueue                  4        328       82        328        0                                            0 []
finish_task_switch                      2        326      163        326        0                                            0 []
__enqueue_entity                        6        319       53        319        0                                            0 []
get_pwq.isra.19                         7        288       41        288        0                                            0 []
intel_pstate_update_util                4        285       71        285        0                                            0 []
ttwu_stat                               7        273       39        273        0                                            0 []
account_entity_dequeue                  1        243      243        243        0                                            0 []
update_cfs_group                        5        217       43        217        0                                            0 []
hrtick_update                           5        203       40        203        0                                            0 []
cpuacct_charge                          2        197       98        197        0                                            0 []
check_cfs_rq_runtime                    5        196       39        196        0                                            0 []
free_unref_page_list                    3        187       62        187        0                                            0 []
update_min_vruntime                     3        178       59        178        0                                            0 []
clear_buddies                           4        178       44        178        0                                            0 []
guarantee_online_mems                   1        146      146        146        0                                            0 []
mem_cgroup_uncharge_list                3        127       42        127        0                                            0 []
rcu_note_context_switch                 2        118       59        118        0                                            0 []
wakeup_preempt_entity.isra.66           2        100       50        100        0                                            0 []
worker_enter_idle                       1         72       72         72        0                                            0 []
__calc_delta                            1         68       68         68        0                                            0 []
mutex_unlock                            1         68       68         68        0                                            0 []
__ptrace_may_access                     1         58       58         58        0                                            0 []
security_task_movememory                1         55       55         55        0                                            0 []
policy_nodemask                         1         53       53         53        0                                            0 []
policy_node                             1         51       51         51        0                                            0 []
set_next_buddy                          1         50       50         50        0                                            0 []
put_pwq                                 1         41       41         41        0                                            0 []
set_work_pool_and_clear_pending         1         39       39         39        0                                            0 []
get_task_policy.part.29                 1         38       38         38        0                                            0 []
[user-space]                            0          0        0          0 14570467                      SyS_move_pages        1 ['_raw_spin_lock_irq', 'process_one_work', 'SyS_move_pages', 'worker_enter_idle']
schedule                                0          0        0          0    11910                 pick_next_task_fair        1 ['deactivate_task', 'switch_mm_irqs_off', 'rcu_note_context_switch', 'update_rq_clock', '_raw_spin_lock', 'pick_next_task_fair', 'wq_worker_sleeping']
Trace stats:
   4552 total functions
   missing callers: 1
   missing exits: 4
   closed unknown functions: 1 times
